[0318/013959.445:ERROR:crash_report_database_win.cc(563)] CreateDirectory C:\Program Files (x86)\reports: Access is denied. (0x5)
[0318/013959.460:ERROR:registration_protocol_win.cc(84)] TransactNamedPipe: The pipe has been ended. (0x6D)
[0318/013959.461:ERROR:crash_report_database_win.cc(563)] CreateDirectory C:\Program Files (x86)\reports: Access is denied. (0x5)
[0318/014749.566:ERROR:crash_report_database_win.cc(563)] CreateDirectory C:\Program Files (x86)\reports: Access is denied. (0x5)
[0318/014749.587:ERROR:registration_protocol_win.cc(84)] TransactNamedPipe: The pipe has been ended. (0x6D)
[0318/014749.588:ERROR:crash_report_database_win.cc(563)] CreateDirectory C:\Program Files (x86)\reports: Access is denied. (0x5)
[0318/015236.661:ERROR:crashpad_client_win.cc(115)] crash server failed to launch, self-terminating
[0318/015247.615:ERROR:crash_report_database_win.cc(563)] CreateDirectory C:\Program Files (x86)\reports: Access is denied. (0x5)
[0318/015247.618:ERROR:registration_protocol_win.cc(84)] TransactNamedPipe: The pipe has been ended. (0x6D)
[0318/015247.619:ERROR:crash_report_database_win.cc(563)] CreateDirectory C:\Program Files (x86)\reports: Access is denied. (0x5)
[0318/015409.645:ERROR:crash_report_database_win.cc(563)] CreateDirectory C:\Program Files (x86)\reports: Access is denied. (0x5)
[0318/015409.661:ERROR:registration_protocol_win.cc(84)] TransactNamedPipe: The pipe has been ended. (0x6D)
[0318/015409.662:ERROR:crash_report_database_win.cc(563)] CreateDirectory C:\Program Files (x86)\reports: Access is denied. (0x5)
[0318/015509.204:ERROR:crashpad_client_win.cc(115)] crash server failed to launch, self-terminating
[0318/015732.912:ERROR:crash_report_database_win.cc(563)] CreateDirectory C:\Program Files (x86)\reports: Access is denied. (0x5)
[0318/015732.931:ERROR:registration_protocol_win.cc(84)] TransactNamedPipe: The pipe has been ended. (0x6D)
[0318/015732.932:ERROR:crash_report_database_win.cc(563)] CreateDirectory C:\Program Files (x86)\reports: Access is denied. (0x5)
[0318/015809.202:ERROR:crash_report_database_win.cc(563)] CreateDirectory C:\Program Files (x86)\reports: Access is denied. (0x5)
[0318/015809.215:ERROR:registration_protocol_win.cc(84)] TransactNamedPipe: The pipe has been ended. (0x6D)
[0318/015809.216:ERROR:crash_report_database_win.cc(563)] CreateDirectory C:\Program Files (x86)\reports: Access is denied. (0x5)
[0318/015832.350:ERROR:crash_report_database_win.cc(563)] CreateDirectory C:\Program Files (x86)\reports: Access is denied. (0x5)
[0318/015832.366:ERROR:registration_protocol_win.cc(84)] TransactNamedPipe: The pipe has been ended. (0x6D)
[0318/015832.367:ERROR:crash_report_database_win.cc(563)] CreateDirectory C:\Program Files (x86)\reports: Access is denied. (0x5)
[0318/015842.943:ERROR:crashpad_client_win.cc(115)] crash server failed to launch, self-terminating
[0318/015907.580:ERROR:crash_report_database_win.cc(563)] CreateDirectory C:\Program Files (x86)\reports: Access is denied. (0x5)
[0318/015907.583:ERROR:registration_protocol_win.cc(84)] TransactNamedPipe: The pipe has been ended. (0x6D)
[0318/015907.584:ERROR:crash_report_database_win.cc(563)] CreateDirectory C:\Program Files (x86)\reports: Access is denied. (0x5)
[0318/015913.459:ERROR:crashpad_client_win.cc(115)] crash server failed to launch, self-terminating
[0318/020159.469:ERROR:crash_report_database_win.cc(563)] CreateDirectory C:\Program Files (x86)\reports: Access is denied. (0x5)
[0318/020159.487:ERROR:registration_protocol_win.cc(84)] TransactNamedPipe: The pipe has been ended. (0x6D)
[0318/020159.488:ERROR:crash_report_database_win.cc(563)] CreateDirectory C:\Program Files (x86)\reports: Access is denied. (0x5)
[0318/020314.465:ERROR:crash_report_database_win.cc(563)] CreateDirectory C:\Program Files (x86)\reports: Access is denied. (0x5)
[0318/020314.472:ERROR:registration_protocol_win.cc(84)] TransactNamedPipe: The pipe has been ended. (0x6D)
[0318/020314.473:ERROR:crash_report_database_win.cc(563)] CreateDirectory C:\Program Files (x86)\reports: Access is denied. (0x5)
[0318/020326.025:ERROR:crashpad_client_win.cc(115)] crash server failed to launch, self-terminating
[0318/020434.648:ERROR:crash_report_database_win.cc(563)] CreateDirectory C:\Program Files (x86)\reports: Access is denied. (0x5)
[0318/020434.651:ERROR:registration_protocol_win.cc(84)] TransactNamedPipe: The pipe has been ended. (0x6D)
[0318/020434.652:ERROR:crash_report_database_win.cc(563)] CreateDirectory C:\Program Files (x86)\reports: Access is denied. (0x5)
[0318/020456.052:ERROR:crashpad_client_win.cc(115)] crash server failed to launch, self-terminating
[0318/020752.800:ERROR:crash_report_database_win.cc(563)] CreateDirectory C:\Program Files (x86)\reports: Access is denied. (0x5)
[0318/020752.810:ERROR:registration_protocol_win.cc(84)] TransactNamedPipe: The pipe has been ended. (0x6D)
[0318/020752.812:ERROR:crash_report_database_win.cc(563)] CreateDirectory C:\Program Files (x86)\reports: Access is denied. (0x5)
[0318/020810.696:ERROR:crashpad_client_win.cc(115)] crash server failed to launch, self-terminating
[0318/021746.516:ERROR:crash_report_database_win.cc(563)] CreateDirectory C:\Program Files (x86)\reports: Access is denied. (0x5)
[0318/021746.523:ERROR:registration_protocol_win.cc(84)] TransactNamedPipe: The pipe has been ended. (0x6D)
[0318/021746.524:ERROR:crash_report_database_win.cc(563)] CreateDirectory C:\Program Files (x86)\reports: Access is denied. (0x5)
[0318/022054.717:ERROR:crashpad_client_win.cc(115)] crash server failed to launch, self-terminating
[0318/022258.227:ERROR:crash_report_database_win.cc(563)] CreateDirectory C:\Program Files (x86)\reports: Access is denied. (0x5)
[0318/022258.246:ERROR:registration_protocol_win.cc(84)] TransactNamedPipe: The pipe has been ended. (0x6D)
[0318/022258.247:ERROR:crash_report_database_win.cc(563)] CreateDirectory C:\Program Files (x86)\reports: Access is denied. (0x5)
[0318/022448.195:ERROR:crashpad_client_win.cc(115)] crash server failed to launch, self-terminating
[0318/022521.335:ERROR:crash_report_database_win.cc(563)] CreateDirectory C:\Program Files (x86)\reports: Access is denied. (0x5)
[0318/022521.462:ERROR:registration_protocol_win.cc(84)] TransactNamedPipe: The pipe has been ended. (0x6D)
[0318/022521.463:ERROR:crash_report_database_win.cc(563)] CreateDirectory C:\Program Files (x86)\reports: Access is denied. (0x5)
[0318/022558.870:ERROR:crash_report_database_win.cc(563)] CreateDirectory C:\Program Files (x86)\reports: Access is denied. (0x5)
[0318/022558.883:ERROR:registration_protocol_win.cc(84)] TransactNamedPipe: The pipe has been ended. (0x6D)
[0318/022558.884:ERROR:crash_report_database_win.cc(563)] CreateDirectory C:\Program Files (x86)\reports: Access is denied. (0x5)
[0318/022749.446:ERROR:crash_report_database_win.cc(563)] CreateDirectory C:\Program Files (x86)\reports: Access is denied. (0x5)
[0318/022749.474:ERROR:registration_protocol_win.cc(84)] TransactNamedPipe: The pipe has been ended. (0x6D)
[0318/022749.475:ERROR:crash_report_database_win.cc(563)] CreateDirectory C:\Program Files (x86)\reports: Access is denied. (0x5)
[0318/022947.274:ERROR:crashpad_client_win.cc(115)] crash server failed to launch, self-terminating
[0318/022954.669:ERROR:crash_report_database_win.cc(563)] CreateDirectory C:\Program Files (x86)\reports: Access is denied. (0x5)
[0318/022954.685:ERROR:registration_protocol_win.cc(84)] TransactNamedPipe: The pipe has been ended. (0x6D)
[0318/022954.685:ERROR:crash_report_database_win.cc(563)] CreateDirectory C:\Program Files (x86)\reports: Access is denied. (0x5)
[0318/023053.665:ERROR:crashpad_client_win.cc(115)] crash server failed to launch, self-terminating
[0318/023713.964:ERROR:crash_report_database_win.cc(563)] CreateDirectory C:\Program Files (x86)\reports: Access is denied. (0x5)
[0318/023713.964:ERROR:registration_protocol_win.cc(84)] TransactNamedPipe: The pipe has been ended. (0x6D)
[0318/023713.964:ERROR:crash_report_database_win.cc(563)] CreateDirectory C:\Program Files (x86)\reports: Access is denied. (0x5)
[0318/023855.530:ERROR:crash_report_database_win.cc(563)] CreateDirectory C:\Program Files (x86)\reports: Access is denied. (0x5)
[0318/023855.546:ERROR:registration_protocol_win.cc(84)] TransactNamedPipe: The pipe has been ended. (0x6D)
[0318/023855.546:ERROR:crash_report_database_win.cc(563)] CreateDirectory C:\Program Files (x86)\reports: Access is denied. (0x5)
[0318/023916.507:ERROR:crash_report_database_win.cc(563)] CreateDirectory C:\Program Files (x86)\reports: Access is denied. (0x5)
[0318/023916.522:ERROR:registration_protocol_win.cc(84)] TransactNamedPipe: The pipe has been ended. (0x6D)
[0318/023916.522:ERROR:crash_report_database_win.cc(563)] CreateDirectory C:\Program Files (x86)\reports: Access is denied. (0x5)
[0318/024146.138:ERROR:crash_report_database_win.cc(563)] CreateDirectory C:\Program Files (x86)\reports: Access is denied. (0x5)
[0318/024146.138:ERROR:registration_protocol_win.cc(84)] TransactNamedPipe: The pipe has been ended. (0x6D)
[0318/024146.154:ERROR:crash_report_database_win.cc(563)] CreateDirectory C:\Program Files (x86)\reports: Access is denied. (0x5)
[0318/024233.268:ERROR:crash_report_database_win.cc(563)] CreateDirectory C:\Program Files (x86)\reports: Access is denied. (0x5)
[0318/024233.283:ERROR:registration_protocol_win.cc(84)] TransactNamedPipe: The pipe has been ended. (0x6D)
[0318/024233.283:ERROR:crash_report_database_win.cc(563)] CreateDirectory C:\Program Files (x86)\reports: Access is denied. (0x5)
[0318/024314.146:ERROR:crash_report_database_win.cc(563)] CreateDirectory C:\Program Files (x86)\reports: Access is denied. (0x5)
[0318/024314.162:ERROR:registration_protocol_win.cc(84)] TransactNamedPipe: The pipe has been ended. (0x6D)
[0318/024314.162:ERROR:crash_report_database_win.cc(563)] CreateDirectory C:\Program Files (x86)\reports: Access is denied. (0x5)
[0318/024532.763:ERROR:crash_report_database_win.cc(563)] CreateDirectory C:\Program Files (x86)\reports: Access is denied. (0x5)
[0318/024532.778:ERROR:registration_protocol_win.cc(84)] TransactNamedPipe: The pipe has been ended. (0x6D)
[0318/024532.778:ERROR:crash_report_database_win.cc(563)] CreateDirectory C:\Program Files (x86)\reports: Access is denied. (0x5)
[0318/024547.594:ERROR:crashpad_client_win.cc(115)] crash server failed to launch, self-terminating
[0318/024558.732:ERROR:crash_report_database_win.cc(563)] CreateDirectory C:\Program Files (x86)\reports: Access is denied. (0x5)
[0318/024558.732:ERROR:registration_protocol_win.cc(84)] TransactNamedPipe: The pipe has been ended. (0x6D)
[0318/024558.732:ERROR:crash_report_database_win.cc(563)] CreateDirectory C:\Program Files (x86)\reports: Access is denied. (0x5)
[0318/024613.755:ERROR:crashpad_client_win.cc(115)] crash server failed to launch, self-terminating
[0318/024652.718:ERROR:crash_report_database_win.cc(563)] CreateDirectory C:\Program Files (x86)\reports: Access is denied. (0x5)
[0318/024652.718:ERROR:registration_protocol_win.cc(84)] TransactNamedPipe: The pipe has been ended. (0x6D)
[0318/024652.718:ERROR:crash_report_database_win.cc(563)] CreateDirectory C:\Program Files (x86)\reports: Access is denied. (0x5)
[0318/024703.401:ERROR:crashpad_client_win.cc(115)] crash server failed to launch, self-terminating
[0318/031904.339:ERROR:crash_report_database_win.cc(563)] CreateDirectory C:\Program Files (x86)\reports: Access is denied. (0x5)
[0318/031904.355:ERROR:registration_protocol_win.cc(84)] TransactNamedPipe: The pipe has been ended. (0x6D)
[0318/031904.355:ERROR:crash_report_database_win.cc(563)] CreateDirectory C:\Program Files (x86)\reports: Access is denied. (0x5)
[0318/032023.687:ERROR:crashpad_client_win.cc(115)] crash server failed to launch, self-terminating
[0318/032030.804:ERROR:crash_report_database_win.cc(563)] CreateDirectory C:\Program Files (x86)\reports: Access is denied. (0x5)
[0318/032030.819:ERROR:registration_protocol_win.cc(84)] TransactNamedPipe: The pipe has been ended. (0x6D)
[0318/032030.819:ERROR:crash_report_database_win.cc(563)] CreateDirectory C:\Program Files (x86)\reports: Access is denied. (0x5)
[0318/032446.383:ERROR:crash_report_database_win.cc(563)] CreateDirectory C:\Program Files (x86)\reports: Access is denied. (0x5)
[0318/032446.398:ERROR:registration_protocol_win.cc(84)] TransactNamedPipe: The pipe has been ended. (0x6D)
[0318/032446.398:ERROR:crash_report_database_win.cc(563)] CreateDirectory C:\Program Files (x86)\reports: Access is denied. (0x5)
[0318/032543.230:ERROR:crashpad_client_win.cc(115)] crash server failed to launch, self-terminating
[0318/032547.844:ERROR:crash_report_database_win.cc(563)] CreateDirectory C:\Program Files (x86)\reports: Access is denied. (0x5)
[0318/032547.859:ERROR:registration_protocol_win.cc(84)] TransactNamedPipe: The pipe has been ended. (0x6D)
[0318/032547.859:ERROR:crash_report_database_win.cc(563)] CreateDirectory C:\Program Files (x86)\reports: Access is denied. (0x5)
[0318/032625.960:ERROR:crashpad_client_win.cc(115)] crash server failed to launch, self-terminating
[0318/033158.825:ERROR:crash_report_database_win.cc(563)] CreateDirectory C:\Program Files (x86)\reports: Access is denied. (0x5)
[0318/033158.845:ERROR:registration_protocol_win.cc(84)] TransactNamedPipe: The pipe has been ended. (0x6D)
[0318/033158.846:ERROR:crash_report_database_win.cc(563)] CreateDirectory C:\Program Files (x86)\reports: Access is denied. (0x5)
[0318/033319.377:ERROR:crash_report_database_win.cc(563)] CreateDirectory C:\Program Files (x86)\reports: Access is denied. (0x5)
[0318/033319.395:ERROR:registration_protocol_win.cc(84)] TransactNamedPipe: The pipe has been ended. (0x6D)
[0318/033319.397:ERROR:crash_report_database_win.cc(563)] CreateDirectory C:\Program Files (x86)\reports: Access is denied. (0x5)
[0318/173023.541:ERROR:crash_report_database_win.cc(563)] CreateDirectory C:\Program Files (x86)\reports: Access is denied. (0x5)
[0318/173023.619:ERROR:registration_protocol_win.cc(84)] TransactNamedPipe: The pipe has been ended. (0x6D)
[0318/173023.619:ERROR:crash_report_database_win.cc(563)] CreateDirectory C:\Program Files (x86)\reports: Access is denied. (0x5)
[0318/174409.164:ERROR:crash_report_database_win.cc(563)] CreateDirectory C:\Program Files (x86)\reports: Access is denied. (0x5)
[0318/174409.170:ERROR:registration_protocol_win.cc(84)] TransactNamedPipe: The pipe has been ended. (0x6D)
[0318/174409.171:ERROR:crash_report_database_win.cc(563)] CreateDirectory C:\Program Files (x86)\reports: Access is denied. (0x5)
[0318/201015.300:ERROR:crash_report_database_win.cc(563)] CreateDirectory C:\Program Files (x86)\reports: Access is denied. (0x5)
[0318/201015.352:ERROR:registration_protocol_win.cc(84)] TransactNamedPipe: The pipe has been ended. (0x6D)
[0318/201015.353:ERROR:crash_report_database_win.cc(563)] CreateDirectory C:\Program Files (x86)\reports: Access is denied. (0x5)
[0318/201205.355:ERROR:crash_report_database_win.cc(563)] CreateDirectory C:\Program Files (x86)\reports: Access is denied. (0x5)
[0318/201205.389:ERROR:registration_protocol_win.cc(84)] TransactNamedPipe: The pipe has been ended. (0x6D)
[0318/201205.391:ERROR:crash_report_database_win.cc(563)] CreateDirectory C:\Program Files (x86)\reports: Access is denied. (0x5)
[0319/185659.266:ERROR:process_info.cc(625)] range at 0xce032aa800000000, size 0x27f fully unreadable
[0319/185659.267:ERROR:process_info.cc(625)] range at 0xce032ac800000000, size 0x27f fully unreadable
[0319/185659.267:ERROR:process_info.cc(625)] range at 0x0, size 0x27f fully unreadable
[0319/185839.494:ERROR:process_reader_win.cc(114)] NtOpenThread: {Access Denied} A process has requested access to an object, but has not been granted those access rights.  (0xc0000022)
[0319/185839.502:ERROR:exception_snapshot_win.cc(87)] thread ID 9380 not found in process
[0319/185839.502:WARNING:crash_report_exception_handler.cc(60)] ProcessSnapshotWin::Initialize failed
[0319/185908.781:ERROR:process_reader_win.cc(114)] NtOpenThread: {Access Denied} A process has requested access to an object, but has not been granted those access rights.  (0xc0000022)
[0319/185908.781:ERROR:exception_snapshot_win.cc(87)] thread ID 528 not found in process
[0319/185908.781:WARNING:crash_report_exception_handler.cc(60)] ProcessSnapshotWin::Initialize failed
[0319/190605.774:ERROR:process_reader_win.cc(114)] NtOpenThread: {Access Denied} A process has requested access to an object, but has not been granted those access rights.  (0xc0000022)
[0319/190605.775:ERROR:exception_snapshot_win.cc(87)] thread ID 7960 not found in process
[0319/190605.775:WARNING:crash_report_exception_handler.cc(60)] ProcessSnapshotWin::Initialize failed
